1

<class 'str'>
accsess true
 * Serving Flask app "init" (lazy loading)
 * Environment: production
   WARNING: Do not use the development server in a production environment.
   Use a production WSGI server instead.
 * Debug mode: on
 * Running on http://79.174.12.77:5001/ (Press CTRL+C to quit)
 * Restarting with stat
Traceback (most recent call last):
  File "server.py", line 30, in <module>
    app.run(port=SERVER_PORT, host=SERVER_ADDRESS, debug=True)  # 79.174.12.77
  File "/usr/local/lib/python3.5/dist-packages/flask/app.py", line 943, in run
    run_simple(host, port, self, **options)
  File "/usr/local/lib/python3.5/dist-packages/werkzeug/serving.py", line 988, in run_simple
    run_with_reloader(inner, extra_files, reloader_interval, reloader_type)
  File "/usr/local/lib/python3.5/dist-packages/werkzeug/_reloader.py", line 332, in run_with_reloader
    sys.exit(reloader.restart_with_reloader())
  File "/usr/local/lib/python3.5/dist-packages/werkzeug/_reloader.py", line 176, in restart_with_reloader
    exit_code = subprocess.call(args, env=new_environ, close_fds=False)
  File "/usr/lib/python3.5/subprocess.py", line 557, in call
    with Popen(*popenargs, **kwargs) as p:
  File "/usr/lib/python3.5/subprocess.py", line 947, in __init__
    restore_signals, start_new_session)
  File "/usr/lib/python3.5/subprocess.py", line 1551, in _execute_child
    raise child_exception_type(errno_num, err_msg)
OSError: [Errno 8] Exec format error
